/usr/bin/java  -classpath /mydata/ycsb/conf:/mydata/ycsb/core/target/core-0.18.0-SNAPSHOT.jar:/mydata/ycsb/core/target/dependency/HdrHistogram-2.1.12.jar:/mydata/ycsb/core/target/dependency/commons-math3-3.6.1.jar:/mydata/ycsb/core/target/dependency/htrace-core4-4.1.0-incubating.jar:/mydata/ycsb/core/target/dependency/jackson-core-asl-1.9.4.jar:/mydata/ycsb/core/target/dependency/jackson-mapper-asl-1.9.4.jar:/mydata/ycsb/cassandra/target/cassandra-binding-0.18.0-SNAPSHOT.jar:/mydata/ycsb/cassandra/target/dependency/cassandra-driver-core-3.0.0.jar:/mydata/ycsb/cassandra/target/dependency/guava-16.0.1.jar:/mydata/ycsb/cassandra/target/dependency/metrics-core-3.1.2.jar:/mydata/ycsb/cassandra/target/dependency/netty-buffer-4.0.33.Final.jar:/mydata/ycsb/cassandra/target/dependency/netty-codec-4.0.33.Final.jar:/mydata/ycsb/cassandra/target/dependency/netty-common-4.0.33.Final.jar:/mydata/ycsb/cassandra/target/dependency/netty-handler-4.0.33.Final.jar:/mydata/ycsb/cassandra/target/dependency/netty-transport-4.0.33.Final.jar:/mydata/ycsb/cassandra/target/dependency/slf4j-api-1.7.25.jar site.ycsb.Client -load -db site.ycsb.db.CassandraCQLClient -P electworkload
Data integrity is not enabled.
lambda,10.0
RequestStart,907608010096579
RequestStart,907608069439930
RequestStart,907608104820116
RequestStart,907608108109182
RequestStart,907608228393660
RequestStart,907608239728807
RequestStart,907608371120146
RequestStart,907608593472161
RequestStart,907608635814759
RequestStart,907608717219191
RequestStart,907608719558933
RequestStart,907608796923483
RequestStart,907608879265812
RequestStart,907608895639612
RequestStart,907609059015117
RequestStart,907609070383982
RequestStart,907609162747106
RequestStart,907609229093118
RequestStart,907609230439317
RequestStart,907609293780993
RequestStart,907609331127626
RequestStart,907609378496621
RequestStart,907609442829173
RequestStart,907609457202743
RequestStart,907609503605531
RequestStart,907609968976966
RequestStart,907609987336088
RequestStart,907610105702133
RequestStart,907610283114415
RequestStart,907610523559863
RequestStart,907610670900003
RequestStart,907610679275576
RequestStart,907610834614400
RequestStart,907610892893213
RequestStart,907611213233473
RequestStart,907611375643380
RequestStart,907611395069645
RequestStart,907611448407397
RequestStart,907611530733901
RequestStart,907611540135967
RequestStart,907611926466176
RequestStart,907612050826660
RequestStart,907612136115189
RequestStart,907612156407130
RequestStart,907612173761081
RequestStart,907612361129994
RequestStart,907612445482049
RequestStart,907612557832241
RequestStart,907612842203375
RequestStart,907612936571435
RequestStart,907612997952526
RequestStart,907613085307962
RequestStart,907613131726332
RequestStart,907613169068463
RequestStart,907613245416844
RequestStart,907613281764375
RequestStart,907613295085489
RequestStart,907613414408477
RequestStart,907613440774437
RequestStart,907613672138635
RequestStart,907613704410985
RequestStart,907613902736035
RequestStart,907613905086948
RequestStart,907613959454871
RequestStart,907614065786687
RequestStart,907614162149022
RequestStart,907614225475284
RequestStart,907614258830413
RequestStart,907614369135067
RequestStart,907614484464840
RequestStart,907614614801369
RequestStart,907614733206188
RequestStart,907614739589663
RequestStart,907614768906138
RequestStart,907614837273597
RequestStart,907615210606476
RequestStart,907615532926756
RequestStart,907615536181112
RequestStart,907615645553123
RequestStart,907615676893563
RequestStart,907615695210502
RequestStart,907615729519405
RequestStart,907615825774130
RequestStart,907615847101446
RequestStart,907615890442453
RequestStart,907616169751888
RequestStart,907616305072958
RequestStart,907616312426716
RequestStart,907616389671468
RequestStart,907616428030160
RequestStart,907616745342538
RequestStart,907616897681861
RequestStart,907617048992569
RequestStart,907617137356317
RequestStart,907617191690228
RequestStart,907617250995024
RequestStart,907617317301167
RequestStart,907617394644824
RequestStart,907617400969462
RequestStart,907617547305676
RequestStart,907617557695401
RequestStart,907617793017524
RequestStart,907617856284739
RequestStart,907617875607614
RequestStart,907617914924585
RequestStart,907618018227589
RequestStart,907618078526960
RequestStart,907618113825227
RequestStart,907618131124721
RequestStart,907618168433619
RequestStart,907618207734110
RequestStart,907618665044060
RequestStart,907618741363020
RequestStart,907618863722545
RequestStart,907618942304814
RequestStart,907619063698742
RequestStart,907619190997443
RequestStart,907619230342938
RequestStart,907619239611438
RequestStart,907619276892742
RequestStart,907619336166260
RequestStart,907619483448175
RequestStart,907619569725588
RequestStart,907619604204856
RequestStart,907619873479265
RequestStart,907619879767668
RequestStart,907619918037820
RequestStart,907619975308993
RequestStart,907620032607796
RequestStart,907620040905195
RequestStart,907620112168890
RequestStart,907620123456229
RequestStart,907620129732113
RequestStart,907620224047754
RequestStart,907620386332077
RequestStart,907620405607982
RequestStart,907620451867976
RequestStart,907620453131387
RequestStart,907620526401226
RequestStart,907620685631711
RequestStart,907620712908295
RequestStart,907620849200303
RequestStart,907620862470489
RequestStart,907620985749646
RequestStart,907621077056672
RequestStart,907621083384557
RequestStart,907621102694552
RequestStart,907621115021738
RequestStart,907621263231698
RequestStart,907621419520085
RequestStart,907621807782009
RequestStart,907621864050738
RequestStart,907622384332455
RequestStart,907622394622995
RequestStart,907622450916405
RequestStart,907622520201387
RequestStart,907622754466206
RequestStart,907622894752798
RequestStart,907622987052600
RequestStart,907623078304062
RequestStart,907623196623043
RequestStart,907623197885642
RequestStart,907623301146520
RequestStart,907623412406268
RequestStart,907623422668440
RequestStart,907624008954494
RequestStart,907624041219481
RequestStart,907624059483585
RequestStart,907624199756331
RequestStart,907624230063871
RequestStart,907624259328464
RequestStart,907624306616661
RequestStart,907624337906088
RequestStart,907624343166704
RequestStart,907624654432206
RequestStart,907624700698413
RequestStart,907624707953222
RequestStart,907624778331283
RequestStart,907625115683253
RequestStart,907625123024648
RequestStart,907625159297424
RequestStart,907625308575648
RequestStart,907625404818980
RequestStart,907625614098286
RequestStart,907625827361754
RequestStart,907625984636873
RequestStart,907625998884808
RequestStart,907626056136444
RequestStart,907626188378239
RequestStart,907626217648259
RequestStart,907626288922760
RequestStart,907626294193629
RequestStart,907626320460728
RequestStart,907626459746511
RequestStart,907626509996137
RequestStart,907626596237748
RequestStart,907626730497539
RequestStart,907626745746011
RequestStart,907626813996265
RequestStart,907627324240122
RequestStart,907627344520722
RequestStart,907627766781669
RequestStart,907627822073679
RequestStart,907628089358404
RequestStart,907628181620032
RequestStart,907628247887475
RequestStart,907628378173963
RequestStart,907628450427024
RequestStart,907628456694550
RequestStart,907628984953427
RequestStart,907628986200199
RequestStart,907629079470557
RequestStart,907629400723154
RequestStart,907629643981557
RequestStart,907629671251328
RequestStart,907629808457155
RequestStart,907629957704658
RequestStart,907630014940007
RequestStart,907630167153490
RequestStart,907630201479648
RequestStart,907630202754606
RequestStart,907630494998744
RequestStart,907630569219492
RequestStart,907630886505543
RequestStart,907630895757281
RequestStart,907631009003089
RequestStart,907631045252613
RequestStart,907631139508350
RequestStart,907631285783026
RequestStart,907631387040703
RequestStart,907631516255843
RequestStart,907631557540012
RequestStart,907631717795291
RequestStart,907631725074125
RequestStart,907631741313781
RequestStart,907631780606394
RequestStart,907631783882114
RequestStart,907631916131114
RequestStart,907632262405162
RequestStart,907632462694626
RequestStart,907632471999124
RequestStart,907632501331739
RequestStart,907632502599650
RequestStart,907632644848584
RequestStart,907632676140314
RequestStart,907632686426678
RequestStart,907632732702218
RequestStart,907632882993002
RequestStart,907632969261623
RequestStart,907632971499211
RequestStart,907632994748207
RequestStart,907633055019907
RequestStart,907633122345034
RequestStart,907633195625483
RequestStart,907633196965162
RequestStart,907633343251614
RequestStart,907633344440737
RequestStart,907633461706426
RequestStart,907633516027613
RequestStart,907633526305733
RequestStart,907633537520248
RequestStart,907633547775326
RequestStart,907633779960060
RequestStart,907633789211741
RequestStart,907633814424688
RequestStart,907633860678168
RequestStart,907633914900132
RequestStart,907634087115345
RequestStart,907634129331737
RequestStart,907634184974093
RequestStart,907634193193982
RequestStart,907634240408680
RequestStart,907634298629332
RequestStart,907634385887874
RequestStart,907634566119363
RequestStart,907634676343262
RequestStart,907634698591126
RequestStart,907634729864905
RequestStart,907634777088400
RequestStart,907634799344256
RequestStart,907634932556433
RequestStart,907635147800851
RequestStart,907635248037134
RequestStart,907635390280177
RequestStart,907635511529262
RequestStart,907635566739711
RequestStart,907635600966496
RequestStart,907635686128391
RequestStart,907635813347018
RequestStart,907635821581662
RequestStart,907635857835655
RequestStart,907635891049216
RequestStart,907635997277311
RequestStart,907636020443782
RequestStart,907636026663736
RequestStart,907636112923098
RequestStart,907636127137661
RequestStart,907636136357288
RequestStart,907636200613393
RequestStart,907636278861139
RequestStart,907636379080463
RequestStart,907636385303519
RequestStart,907636398566509
RequestStart,907636401781096
RequestStart,907636719023649
RequestStart,907636821253167
RequestStart,907636921499147
RequestStart,907636964761755
RequestStart,907637019991102
RequestStart,907637029268153
RequestStart,907637054489465
RequestStart,907637060747562
RequestStart,907637096989040
RequestStart,907637313214017
RequestStart,907637385439479
RequestStart,907637534665851
RequestStart,907637599865183
RequestStart,907637691097966
RequestStart,907637837373193
RequestStart,907638055601991
RequestStart,907638392888651
RequestStart,907638427139393
RequestStart,907638433380347
RequestStart,907638557610738
RequestStart,907638632853809
RequestStart,907638770078068
RequestStart,907638778311483
RequestStart,907639259561384
RequestStart,907639316793776
RequestStart,907639622023613
RequestStart,907639721250203
RequestStart,907639728472727
RequestStart,907639740686246
RequestStart,907639754944166
RequestStart,907639782191557
RequestStart,907639813456643
RequestStart,907639867728103
RequestStart,907640100957967
RequestStart,907640198184954
RequestStart,907640552403573
RequestStart,907640698638629
RequestStart,907640884885094
RequestStart,907640889140314
RequestStart,907640939395875
RequestStart,907641335620524
RequestStart,907641385857948
RequestStart,907641557116444
RequestStart,907641615339501
RequestStart,907641716594725
RequestStart,907641726854639
RequestStart,907641747094704
RequestStart,907641840260090
RequestStart,907641905489729
RequestStart,907641966732876
RequestStart,907642050956342
RequestStart,907642080185907
RequestStart,907642246436134
RequestStart,907642333659415
RequestStart,907642419884345
RequestStart,907642683115453
RequestStart,907642697340564
RequestStart,907642698556916
RequestStart,907643077848580
RequestStart,907643159166386
RequestStart,907643183474013
RequestStart,907643304733353
RequestStart,907643385967939
RequestStart,907643478200107
RequestStart,907643479426392
RequestStart,907643528645335
RequestStart,907643686874729
RequestStart,907643794133443
RequestStart,907643869327442
RequestStart,907643923617689
RequestStart,907644141854867
RequestStart,907644231037633
RequestStart,907644584258619
RequestStart,907644643482473
RequestStart,907644672727092
RequestStart,907644700945365
RequestStart,907644770219913
RequestStart,907644788437061
RequestStart,907644919688960
RequestStart,907644999917768
RequestStart,907645049138536
RequestStart,907645050379535
RequestStart,907645095618292
RequestStart,907645115872979
RequestStart,907645169095163
RequestStart,907645226345454
RequestStart,907645252510747
RequestStart,907645281743321
RequestStart,907645451966445
RequestStart,907645707238158
RequestStart,907645722480408
RequestStart,907645924727273
RequestStart,907646091955341
RequestStart,907646184236349
RequestStart,907646246904550
RequestStart,907646356126014
RequestStart,907646587371745
RequestStart,907646636624472
RequestStart,907646800866256
RequestStart,907646884094211
RequestStart,907646926335024
RequestStart,907647054524075
RequestStart,907647157782603
RequestStart,907647270003940
RequestStart,907647455249699
RequestStart,907647463488001
RequestStart,907647691721550
RequestStart,907647701965626
RequestStart,907647782226233
RequestStart,907647847479547
RequestStart,907648058779882
RequestStart,907648060992192
RequestStart,907648080215913
RequestStart,907648130443900
RequestStart,907648212679327
RequestStart,907648307917164
RequestStart,907648407149471
RequestStart,907648464365619
RequestStart,907648513597347
RequestStart,907648935844910
RequestStart,907648943080252
RequestStart,907649024312105
RequestStart,907649045529993
RequestStart,907649325784645
RequestStart,907649376032948
RequestStart,907649381275412
RequestStart,907649453494730
RequestStart,907649490721323
RequestStart,907649672952267
RequestStart,907649673031982
RequestStart,907649691213937
RequestStart,907649792448794
RequestStart,907649814702306
RequestStart,907649880952730
RequestStart,907649887225467
RequestStart,907650310455626
RequestStart,907650319682635
RequestStart,907650420907260
RequestStart,907650663079744
RequestStart,907650709329294
RequestStart,907650716544645
RequestStart,907650742708735
RequestStart,907650902961325
RequestStart,907650960175826
RequestStart,907650986405288
RequestStart,907651075660324
RequestStart,907651104912888
RequestStart,907651143094006
RequestStart,907651216336802
RequestStart,907651364620250
RequestStart,907651371874346
RequestStart,907651459100829
RequestStart,907651547365143
RequestStart,907651602582509
RequestStart,907651797798336
RequestStart,907651824039631
RequestStart,907651835291603
RequestStart,907651985545896
RequestStart,907652113767547
RequestStart,907652197001371
RequestStart,907652322253067
RequestStart,907652367480146
RequestStart,907652394654038
RequestStart,907652440891999
RequestStart,907652503170193
RequestStart,907652514420411
RequestStart,907652541642508
RequestStart,907652582866592
RequestStart,907653166097733
RequestStart,907653170334455
RequestStart,907653419552701
RequestStart,907653513785921
RequestStart,907653563027451
RequestStart,907653679297682
RequestStart,907653687541498
RequestStart,907653840787696
RequestStart,907653913034474
RequestStart,907653920196616
RequestStart,907653953432077
RequestStart,907654039657685
RequestStart,907654058888767
RequestStart,907654211132644
RequestStart,907654598369977
RequestStart,907654605603114
RequestStart,907654639827569
RequestStart,907654674071335
RequestStart,907654742303670
RequestStart,907654818558296
RequestStart,907655041780480
RequestStart,907655080021958
RequestStart,907655139245902
RequestStart,907655225497040
RequestStart,907655280736488
RequestStart,907655484977579
RequestStart,907655526200779
RequestStart,907655593431191
RequestStart,907655594680945
RequestStart,907655639931044
RequestStart,907655689176292
RequestStart,907655748399006
RequestStart,907655901644448
RequestStart,907655992860383
RequestStart,907656198097167
RequestStart,907656225325951
RequestStart,907656518546426
RequestStart,907656547804314
RequestStart,907656559423847
RequestStart,907656632688003
RequestStart,907656726913424
RequestStart,907656805132322
RequestStart,907656899375227
RequestStart,907657016633924
RequestStart,907657054855597
RequestStart,907657079096159
RequestStart,907657244308805
RequestStart,907657296533148
RequestStart,907657327760114
RequestStart,907657370015392
RequestStart,907657397270929
RequestStart,907657600432658
RequestStart,907657678708071
RequestStart,907657687932944
RequestStart,907657699184075
RequestStart,907657717427482
RequestStart,907657724686365
RequestStart,907657802911095
RequestStart,907657903159573
RequestStart,907658029373873
RequestStart,907658034626124
RequestStart,907658110884907
RequestStart,907658181112523
RequestStart,907658296366738
RequestStart,907658427596254
RequestStart,907658497822529
RequestStart,907658577058055
RequestStart,907658622284730
RequestStart,907658636541562
RequestStart,907658835780880
RequestStart,907658940995374
RequestStart,907658983236024
RequestStart,907659039478336
RequestStart,907659114701428
RequestStart,907659265928057
RequestStart,907659266048818
RequestStart,907659267213644
RequestStart,907659379437646
RequestStart,907659413742068
RequestStart,907659468022693
RequestStart,907659624280589
RequestStart,907659837511644
RequestStart,907659904753020
RequestStart,907659915995825
RequestStart,907659919226706
RequestStart,907659998476339
RequestStart,907660156720956
RequestStart,907660165955246
RequestStart,907660187202802
RequestStart,907660439454603
RequestStart,907660506677853
RequestStart,907660530902985
RequestStart,907660892115047
RequestStart,907660919342878
RequestStart,907661015580678
RequestStart,907661102805898
RequestStart,907661111026403
RequestStart,907661159247454
RequestStart,907661197526489
RequestStart,907661215766740
RequestStart,907661695988205
RequestStart,907661826256589
RequestStart,907661865476123
RequestStart,907662149702791
RequestStart,907662157944883
RequestStart,907662268158500
RequestStart,907662286375316
RequestStart,907662416548571
RequestStart,907662503766774
RequestStart,907662543992708
RequestStart,907662563278165
RequestStart,907662782528280
RequestStart,907662821780494
RequestStart,907662942000427
RequestStart,907663059236078
RequestStart,907663169463943
RequestStart,907663273678948
RequestStart,907663456963738
RequestStart,907663465179728
RequestStart,907663749418787
RequestStart,907663824648594
RequestStart,907663889869189
RequestStart,907663895089541
RequestStart,907663992318609
RequestStart,907664105531343
RequestStart,907664157753577
RequestStart,907664175020035
RequestStart,907664179282883
RequestStart,907664187542010
RequestStart,907664407778395
RequestStart,907664467001446
RequestStart,907664513231626
RequestStart,907664915453233
RequestStart,907665000710592
RequestStart,907665321922421
RequestStart,907665339178586
RequestStart,907665354398344
RequestStart,907665427621831
RequestStart,907665507880713
RequestStart,907665528115797
RequestStart,907665690336142
RequestStart,907665830555228
RequestStart,907665947818151
RequestStart,907666025034423
RequestStart,907666026290106
RequestStart,907666031535751
RequestStart,907666057756174
RequestStart,907666066976757
RequestStart,907666077209888
RequestStart,907666117424972
RequestStart,907666124647459
RequestStart,907666227901631
RequestStart,907666237119590
RequestStart,907666259355641
RequestStart,907666261585748
RequestStart,907666269808785
RequestStart,907666343068259
RequestStart,907666636295197
RequestStart,907666639517893
RequestStart,907666739735641
RequestStart,907666782989058
RequestStart,907667130244155
RequestStart,907667343459538
RequestStart,907667353687634
RequestStart,907667364907906
RequestStart,907667392119099
RequestStart,907667448345931
RequestStart,907667613582980
RequestStart,907667870839024
RequestStart,907667943068242
RequestStart,907667974288398
RequestStart,907667988531218
RequestStart,907668003748841
RequestStart,907668055990085
RequestStart,907668217234137
RequestStart,907668229483526
RequestStart,907668575701627
RequestStart,907668699952928
RequestStart,907668842229062
RequestStart,907668870447856
RequestStart,907669046692311
RequestStart,907669073915612
RequestStart,907669173140756
RequestStart,907669193366844
RequestStart,907669198583768
RequestStart,907669210796141
RequestStart,907669255055625
RequestStart,907669258305911
RequestStart,907669575569360
RequestStart,907669702793695
RequestStart,907669751035939
RequestStart,907669823284374
RequestStart,907669960514057
RequestStart,907670054781691
RequestStart,907670308022611
RequestStart,907670374277230
RequestStart,907670398488405
RequestStart,907670499733931
RequestStart,907670731953703
RequestStart,907670733203047
RequestStart,907671074436923
RequestStart,907671321669174
RequestStart,907671534889099
RequestStart,907671811138344
RequestStart,907672220303210
RequestStart,907672326540295
RequestStart,907672353760941
RequestStart,907672507927788
RequestStart,907672770220615
RequestStart,907673130446405
RequestStart,907673145691554
RequestStart,907673265944837
RequestStart,907673327185859
RequestStart,907673367397159
RequestStart,907673389625268
RequestStart,907673680870119
RequestStart,907673782146667
RequestStart,907673856390740
RequestStart,907674115629315
RequestStart,907674122887702
RequestStart,907674193102219
RequestStart,907674414323638
RequestStart,907674685537285
RequestStart,907674754780144
RequestStart,907674853003226
RequestStart,907674919255354
RequestStart,907674944506290
RequestStart,907675142746333
RequestStart,907675163992764
RequestStart,907675200238806
RequestStart,907675264486026
RequestStart,907675271710318
RequestStart,907675283936649
RequestStart,907675498201699
RequestStart,907675875423564
RequestStart,907675970646346
RequestStart,907675978871604
RequestStart,907676249113734
RequestStart,907676253334674
RequestStart,907676348578115
RequestStart,907676517830149
RequestStart,907676675050514
RequestStart,907676763274229
RequestStart,907676767491752
RequestStart,907676955721550
RequestStart,907677004959726
RequestStart,907677022171772
RequestStart,907677140423984
RequestStart,907677217643577
RequestStart,907677519860805
RequestStart,907677565090999
RequestStart,907677685311800
RequestStart,907678488552334
RequestStart,907678650806526
RequestStart,907678731028944
RequestStart,907678737303802
RequestStart,907679079520782
RequestStart,907679103754388
RequestStart,907679489981968
RequestStart,907679501224945
RequestStart,907679528446959
RequestStart,907679691665935
RequestStart,907679798916064
RequestStart,907679823161002
RequestStart,907679824325693
RequestStart,907680131565695
RequestStart,907680133798667
RequestStart,907680198038065
RequestStart,907680320260000
RequestStart,907680402407867
RequestStart,907680622626221
RequestStart,907680623841235
RequestStart,907680701080359
RequestStart,907680829336803
RequestStart,907680961561164
RequestStart,907680981783127
RequestStart,907681046035169
RequestStart,907681147245049
RequestStart,907681260482486
RequestStart,907681329719847
RequestStart,907681452943145
RequestStart,907681589202691
RequestStart,907681684438684
RequestStart,907681802587018
RequestStart,907682139809029
RequestStart,907682139884259
RequestStart,907682269094425
RequestStart,907682369317036
RequestStart,907682387568712
RequestStart,907682398824815
RequestStart,907682436049597
RequestStart,907682440224121
RequestStart,907682638442492
RequestStart,907682646658257
RequestStart,907682843883087
RequestStart,907683385139891
RequestStart,907683498366158
RequestStart,907683702513302
RequestStart,907683821730753
RequestStart,907683881960527
RequestStart,907683960150265
RequestStart,907684047406280
RequestStart,907684079626491
RequestStart,907684099849444
RequestStart,907684174096329
RequestStart,907684247365123
RequestStart,907684266586508
RequestStart,907684292824186
RequestStart,907684349050927
RequestStart,907684717291333
RequestStart,907684795518968
RequestStart,907684909732978
RequestStart,907685089953379
RequestStart,907685142174480
RequestStart,907685276339412
RequestStart,907685313556472
RequestStart,907685436774075
RequestStart,907685464033059
RequestStart,907685466271730
RequestStart,907685481522477
RequestStart,907685487762918
RequestStart,907685507020026
RequestStart,907685508177685
RequestStart,907685618406634
RequestStart,907685638619176
RequestStart,907685783849812
RequestStart,907685817069632
RequestStart,907685882294714
RequestStart,907685938524132
RequestStart,907686065771309
RequestStart,907686182993705
RequestStart,907686240209997
RequestStart,907686427446324
RequestStart,907686533698226
RequestStart,907686536962149
RequestStart,907686754180760
RequestStart,907686755431336
RequestStart,907686849647719
RequestStart,907686938856568
RequestStart,907687005069385
RequestStart,907687058651436
RequestStart,907687149894782
RequestStart,907687206123319
RequestStart,907687243380541
RequestStart,907687409616719
RequestStart,907687818844591
RequestStart,907687840088588
RequestStart,907688078310994
RequestStart,907688087535381
RequestStart,907688335754128
RequestStart,907688408977434
RequestStart,907688462150501
RequestStart,907688493379298
RequestStart,907688590601820
RequestStart,907688660855973
RequestStart,907688957076953
RequestStart,907689200327584
RequestStart,907689282570499
RequestStart,907689428826350
RequestStart,907689561050348
RequestStart,907689712265147
RequestStart,907689767496191
RequestStart,907689806730325
RequestStart,907690029977610
RequestStart,907690174197123
RequestStart,907690231425741
RequestStart,907690294645866
RequestStart,907690368883239
RequestStart,907690381139744
RequestStart,907690625360983
RequestStart,907690725621596
RequestStart,907690877858231
RequestStart,907690892087084
RequestStart,907691057336466
RequestStart,907691155600377
RequestStart,907691188821433
RequestStart,907691230055866
RequestStart,907691248266435
RequestStart,907691434488743
RequestStart,907691523707458
RequestStart,907691554962661
RequestStart,907691660184397
RequestStart,907691690440026
RequestStart,907691804674998
RequestStart,907691877897801
RequestStart,907691892127641
RequestStart,907691907349690
RequestStart,907691938576640
RequestStart,907691973832715
RequestStart,907691988045139
RequestStart,907692083283038
RequestStart,907692092499943
RequestStart,907692095668909
RequestStart,907692253882647
RequestStart,907692255092188
RequestStart,907692475301639
RequestStart,907692502451329
RequestStart,907692702598598
RequestStart,907692838859142
RequestStart,907692965033128
RequestStart,907693125265926
RequestStart,907693263484334
RequestStart,907693352719198
RequestStart,907693369950377
RequestStart,907693384170896
RequestStart,907693395412815
RequestStart,907693539634438
RequestStart,907693661847293
RequestStart,907693727066152
RequestStart,907693762304601
RequestStart,907693876530278
RequestStart,907693944754632
RequestStart,907694012989111
RequestStart,907694037212149
RequestStart,907694144442306
RequestStart,907694213656939
RequestStart,907694236867064
RequestStart,907694238115821
RequestStart,907694299339560
RequestStart,907694333560063
RequestStart,907694560818712
RequestStart,907694576031856
RequestStart,907694652258724
RequestStart,907694713477229
RequestStart,907694733703552
RequestStart,907694817921822
RequestStart,907694882176926
RequestStart,907695008389127
RequestStart,907695129631468
RequestStart,907695146896894
RequestStart,907695196151064
RequestStart,907695219391459
RequestStart,907695313611012
RequestStart,907695375828939
RequestStart,907695427088668
RequestStart,907695471314564
RequestStart,907695483559219
RequestStart,907695669781913
RequestStart,907695749006333
RequestStart,907695822237026
RequestStart,907695859463261
RequestStart,907695876673312
RequestStart,907695919905955
RequestStart,907696045126372
RequestStart,907696205346020
RequestStart,907696435569760
RequestStart,907696469793061
RequestStart,907696540035669
RequestStart,907696605267057
RequestStart,907696620520028
RequestStart,907696622767514
RequestStart,907696661984599
RequestStart,907696711231708
RequestStart,907696791460521
RequestStart,907696792619785
RequestStart,907696815846589
RequestStart,907696901088837
RequestStart,907696973312147
RequestStart,907697098532523
RequestStart,907697098605729
RequestStart,907697216804208
RequestStart,907697252058017
RequestStart,907697412271511
RequestStart,907697530545543
RequestStart,907697584773781
RequestStart,907697639992711
RequestStart,907697973258381
RequestStart,907698271506752
RequestStart,907698564752743
RequestStart,907698585975426
RequestStart,907698607219534
RequestStart,907698609434374
RequestStart,907698766673553
RequestStart,907698787904060
RequestStart,907698814116662
RequestStart,907698877385470
RequestStart,907698949606654
RequestStart,907698950842641
RequestStart,907698996093082
RequestStart,907699089314429
RequestStart,907699225569686
RequestStart,907699295792192
RequestStart,907699396028075
RequestStart,907699647262728
RequestStart,907699816507827
RequestStart,907699912737893
RequestStart,907700033982850
RequestStart,907700082207569
RequestStart,907700134422717
RequestStart,907700159679263
RequestStart,907700279901761
RequestStart,907700299167875
RequestStart,907700331411381
RequestStart,907700504636329
RequestStart,907700624862568
RequestStart,907700654089113
RequestStart,907700766331072
RequestStart,907700921591260
RequestStart,907700957848735
RequestStart,907701024095411
RequestStart,907701119306371
RequestStart,907701141553824
RequestStart,907701237771026
RequestStart,907701418995160
RequestStart,907701491218408
RequestStart,907701530464571
RequestStart,907701558712647
RequestStart,907701678958679
RequestStart,907701727176065
RequestStart,907701930399512
RequestStart,907701933610667
RequestStart,907702021825507
RequestStart,907702363052763
RequestStart,907702490292811
RequestStart,907702605520615
RequestStart,907702672708456
RequestStart,907702930898132
RequestStart,907703031125404
RequestStart,907703043366900
RequestStart,907703052591364
RequestStart,907703062810130
RequestStart,907703104039779
RequestStart,907703117305979
RequestStart,907703246546146
RequestStart,907703336766629
RequestStart,907703370003818
RequestStart,907703424265931
RequestStart,907703519476635
Raw data measurement: will output to result file: /mydata/ycsb/OScacheRepRead10KB_64GB_zip.data
[OVERALL], RunTime(ms), 98985
[OVERALL], Throughput(ops/sec), 10.102540789008435
[TOTAL_GCS_G1_Young_Generation], Count, 1
[TOTAL_GC_TIME_G1_Young_Generation], Time(ms), 13
[TOTAL_GC_TIME_%_G1_Young_Generation], Time(%), 0.013133303025710967
[TOTAL_GCS_G1_Old_Generation], Count, 0
[TOTAL_GC_TIME_G1_Old_Generation], Time(ms), 0
[TOTAL_GC_TIME_%_G1_Old_Generation], Time(%), 0.0
[TOTAL_GCs], Count, 1
[TOTAL_GC_TIME], Time(ms), 13
[TOTAL_GC_TIME_%], Time(%), 0.013133303025710967
[CLEANUP], Total Operations, 1
[CLEANUP], Below is a summary of latency in microseconds:, -1
[CLEANUP], Average, 2252044.0
[CLEANUP], Min, 2252044
[CLEANUP], Max, 2252044
[CLEANUP], p1, 2252044
[CLEANUP], p5, 2252044
[CLEANUP], p50, 2252044
[CLEANUP], p90, 2252044
[CLEANUP], p95, 2252044
[CLEANUP], p99, 2252044
[CLEANUP], p99.9, 2252044
[CLEANUP], p99.99, 2252044
